0 info it worked if it ends with ok
1 verbose cli [ '/usr/local/Cellar/node/7.3.0/bin/node',
1 verbose cli   '/usr/local/bin/npm',
1 verbose cli   'run',
1 verbose cli   'build' ]
2 info using npm@3.10.10
3 info using node@v7.3.0
4 verbose run-script [ 'prebuild', 'build', 'postbuild' ]
5 info lifecycle react-boilerplate@1.0.0~prebuild: react-boilerplate@1.0.0
6 verbose lifecycle react-boilerplate@1.0.0~prebuild: unsafe-perm in lifecycle true
7 verbose lifecycle react-boilerplate@1.0.0~prebuild: PATH: /usr/local/lib/node_modules/npm/bin/node-gyp-bin:/Users/frederik/Developer/world-wide-protest-webapp/node_modules/.bin:/usr/local/Cellar/node/7.3.0/bin:/Users/frederik/bin:/usr/local/bin:/usr/bin:/bin:/usr/sbin:/sbin:/Library/TeX/texbin:/Users/frederik/Scripts:/usr/local/bin:/usr/local/bin:/usr/bin:/bin:/usr/sbin:/sbin:/Library/TeX/texbin:/Users/frederik/.npm
8 verbose lifecycle react-boilerplate@1.0.0~prebuild: CWD: /Users/frederik/Developer/world-wide-protest-webapp
9 silly lifecycle react-boilerplate@1.0.0~prebuild: Args: [ '-c', 'npm-run-all build:html' ]
10 silly lifecycle react-boilerplate@1.0.0~prebuild: Returned: code: 0  signal: null
11 info lifecycle react-boilerplate@1.0.0~build: react-boilerplate@1.0.0
12 verbose lifecycle react-boilerplate@1.0.0~build: unsafe-perm in lifecycle true
13 verbose lifecycle react-boilerplate@1.0.0~build: PATH: /usr/local/lib/node_modules/npm/bin/node-gyp-bin:/Users/frederik/Developer/world-wide-protest-webapp/node_modules/.bin:/usr/local/Cellar/node/7.3.0/bin:/Users/frederik/bin:/usr/local/bin:/usr/bin:/bin:/usr/sbin:/sbin:/Library/TeX/texbin:/Users/frederik/Scripts:/usr/local/bin:/usr/local/bin:/usr/bin:/bin:/usr/sbin:/sbin:/Library/TeX/texbin:/Users/frederik/.npm
14 verbose lifecycle react-boilerplate@1.0.0~build: CWD: /Users/frederik/Developer/world-wide-protest-webapp
15 silly lifecycle react-boilerplate@1.0.0~build: Args: [ '-c', 'babel-node tools/build.js' ]
16 silly lifecycle react-boilerplate@1.0.0~build: Returned: code: 0  signal: null
17 info lifecycle react-boilerplate@1.0.0~postbuild: react-boilerplate@1.0.0
18 verbose lifecycle react-boilerplate@1.0.0~postbuild: unsafe-perm in lifecycle true
19 verbose lifecycle react-boilerplate@1.0.0~postbuild: PATH: /usr/local/lib/node_modules/npm/bin/node-gyp-bin:/Users/frederik/Developer/world-wide-protest-webapp/node_modules/.bin:/usr/local/Cellar/node/7.3.0/bin:/Users/frederik/bin:/usr/local/bin:/usr/bin:/bin:/usr/sbin:/sbin:/Library/TeX/texbin:/Users/frederik/Scripts:/usr/local/bin:/usr/local/bin:/usr/bin:/bin:/usr/sbin:/sbin:/Library/TeX/texbin:/Users/frederik/.npm
20 verbose lifecycle react-boilerplate@1.0.0~postbuild: CWD: /Users/frederik/Developer/world-wide-protest-webapp
21 silly lifecycle react-boilerplate@1.0.0~postbuild: Args: [ '-c', 'babel-node tools/distServer.js' ]
22 silly lifecycle react-boilerplate@1.0.0~postbuild: Returned: code: 1  signal: null
23 info lifecycle react-boilerplate@1.0.0~postbuild: Failed to exec postbuild script
24 verbose stack Error: react-boilerplate@1.0.0 postbuild: `babel-node tools/distServer.js`
24 verbose stack Exit status 1
24 verbose stack     at EventEmitter.<anonymous> (/usr/local/lib/node_modules/npm/lib/utils/lifecycle.js:255:16)
24 verbose stack     at emitTwo (events.js:106:13)
24 verbose stack     at EventEmitter.emit (events.js:191:7)
24 verbose stack     at ChildProcess.<anonymous> (/usr/local/lib/node_modules/npm/lib/utils/spawn.js:40:14)
24 verbose stack     at emitTwo (events.js:106:13)
24 verbose stack     at ChildProcess.emit (events.js:191:7)
24 verbose stack     at maybeClose (internal/child_process.js:885:16)
24 verbose stack     at Process.ChildProcess._handle.onexit (internal/child_process.js:226:5)
25 verbose pkgid react-boilerplate@1.0.0
26 verbose cwd /Users/frederik/Developer/world-wide-protest-webapp
27 error Darwin 16.5.0
28 error argv "/usr/local/Cellar/node/7.3.0/bin/node" "/usr/local/bin/npm" "run" "build"
29 error node v7.3.0
30 error npm  v3.10.10
31 error code ELIFECYCLE
32 error react-boilerplate@1.0.0 postbuild: `babel-node tools/distServer.js`
32 error Exit status 1
33 error Failed at the react-boilerplate@1.0.0 postbuild script 'babel-node tools/distServer.js'.
33 error Make sure you have the latest version of node.js and npm installed.
33 error If you do, this is most likely a problem with the react-boilerplate package,
33 error not with npm itself.
33 error Tell the author that this fails on your system:
33 error     babel-node tools/distServer.js
33 error You can get information on how to open an issue for this project with:
33 error     npm bugs react-boilerplate
33 error Or if that isn't available, you can get their info via:
33 error     npm owner ls react-boilerplate
33 error There is likely additional logging output above.
34 verbose exit [ 1, true ]
